<?xml version="1.0" encoding="UTF-8"?><rss version="2.0" xmlns:dc="http://purl.org/dc/elements/1.1/" xmlns:media="http://search.yahoo.com/mrss/"><channel><title>all</title><link>http://www.reddit.com/r/all/</link><description></description><image><url>http://www.reddit.com/reddit.com.header.png</url><title>all</title><link>http://www.reddit.com/r/all/</link></image><item><title>Totally worth paying for the data plan</title><link>http://www.reddit.com/r/funny/comments/qqwp4/totally_worth_paying_for_the_data_plan/</link><guid isPermaLink="true">http://www.reddit.com/r/funny/comments/qqwp4/totally_worth_paying_for_the_data_plan/</guid><pubDate>Sun, 11 Mar 2012 00:29:02 +0000</pubDate><description>submitted by &lt;a href=&#34;http://www.reddit.com/user/Meatloaf22&#34;&gt; Meatloaf22 &lt;/a&gt; to &lt;a href=&#34;http://www.reddit.com/r/funny/&#34;&gt; funny&lt;/a&gt; &lt;br/&gt; &lt;a href=&#34;http://i.imgur.com/pzed4.jpg&#34;&gt;[link]&lt;/a&gt; &lt;a href="http://www.reddit.com/r/funny/comments/qqwp4/totally_worth_paying_for_the_data_plan/"&gt;[125 comments]&lt;/a&gt;</description></item><item><title>it's nice to know that Reddit's CEO is a great guy!</title><link>http://www.reddit.com/r/WTF/comments/qqswn/its_nice_to_know_that_reddits_ceo_is_a_great_guy/</link><guid isPermaLink="true">http://www.reddit.com/r/WTF/comments/qqswn/its_nice_to_know_that_reddits_ceo_is_a_great_guy/</guid><pubDate>Sat, 10 Mar 2012 22:55:08 +0000</pubDate><description>submitted by &lt;a href=&#34;http://www.reddit.com/user/oh-matthew&#34;&gt; oh-matthew &lt;/a&gt; to &lt;a href=&#34;http://www.reddit.com/r/WTF/&#34;&gt; WTF&lt;/a&gt; &lt;br/&gt; &lt;a href=&#34;http://imgur.com/DtN0L&#34;&gt;[link]&lt;/a&gt; &lt;a href="http://www.reddit.com/r/WTF/comments/qqswn/its_nice_to_know_that_reddits_ceo_is_a_great_guy/"&gt;[777 comments]&lt;/a&gt;</description></item><item><title>bioware does it again[fixed]</title><link>http://www.reddit.com/r/gaming/comments/qqsos/bioware_does_it_againfixed/</link><guid isPermaLink="true">http://www.reddit.com/r/gaming/comments/qqsos/bioware_does_it_againfixed/</guid><pubDate>Sat, 10 Mar 2012 22:50:08 +0000</pubDate><description>&lt;table&gt; &lt;tr&gt;&lt;td&gt; &lt;a href=&#34;http://www.reddit.com/r/gaming/comments/qqsos/bioware_does_it_againfixed/&#34;&gt;&lt;img src=&#34;http://e.thumbs.redditmedia.com/5qcvze3DZW-HvXPR.jpg&#34; alt=&#34;bioware does it again[fixed]&#34; title=&#34;bioware does it again[fixed]&#34; /&gt;&lt;/a&gt; &lt;/td&gt;&lt;td&gt; submitted by &lt;a href=&#34;http://www.reddit.com/user/Cataphract1014&#34;&gt; Cataphract1014 &lt;/a&gt; to &lt;a href=&#34;http://www.reddit.com/r/gaming/&#34;&gt; gaming&lt;/a&gt; &lt;br/&gt; &lt;a href=&#34;http://i.imgur.com/ZqU8x.png&#34;&gt;[link]&lt;/a&gt; &lt;a href="http://www.reddit.com/r/gaming/comments/qqsos/bioware_does_it_againfixed/"&gt;[592 comments]&lt;/a&gt; &lt;/td&gt;&lt;/tr&gt;&lt;/table&gt;</description><media:title>bioware does it again[fixed]</media:title><media:thumbnail url="http://e.thumbs.redditmedia.com/5qcvze3DZW-HvXPR.jpg" /></item><item><title>My brother had to make a magazine cover for class, and i though Reddit would enjoy it.</title><link>http://www.reddit.com/r/funny/comments/qqsp7/my_brother_had_to_make_a_magazine_cover_for_class/</link><guid isPermaLink="true">http://www.reddit.com/r/funny/comments/qqsp7/my_brother_had_to_make_a_magazine_cover_for_class/</guid><pubDate>Sat, 10 Mar 2012 22:50:28 +0000</pubDate><description>submitted by &lt;a href=&#34;http://www.reddit.com/user/iamwolf777&#34;&gt; iamwolf777 &lt;/a&gt; to &lt;a href=&#34;http://www.reddit.com/r/funny/&#34;&gt; funny&lt;/a&gt; &lt;br/&gt; &lt;a href=&#34;http://imgur.com/0Gmp3&#34;&gt;[link]&lt;/a&gt; &lt;a href="http://www.reddit.com/r/funny/comments/qqsp7/my_brother_had_to_make_a_magazine_cover_for_class/"&gt;[260 comments]&lt;/a&gt;</description></item><item><title>Plan B</title><link>http://www.reddit.com/r/WTF/comments/qqtx1/plan_b/</link><guid isPermaLink="true">http://www.reddit.com/r/WTF/comments/qqtx1/plan_b/</guid><pubDate>Sat, 10 Mar 2012 23:19:16 +0000</pubDate><description>submitted by &lt;a href=&#34;http://www.reddit.com/user/CompSci_Liz&#34;&gt; CompSci_Liz &lt;/a&gt; to &lt;a href=&#34;http://www.reddit.com/r/WTF/&#34;&gt; WTF&lt;/a&gt; &lt;br/&gt; &lt;a href=&#34;http://imgur.com/XcGDx&#34;&gt;[link]&lt;/a&gt; &lt;a href="http://www.reddit.com/r/WTF/comments/qqtx1/plan_b/"&gt;[128 comments]&lt;/a&gt;</description></item><item><title>A stroke of genius last night...</title><link>http://www.reddit.com/r/trees/comments/qqubt/a_stroke_of_genius_last_night/</link><guid isPermaLink="true">http://www.reddit.com/r/trees/comments/qqubt/a_stroke_of_genius_last_night/</guid><pubDate>Sat, 10 Mar 2012 23:29:12 +0000</pubDate><description>&lt;table&gt; &lt;tr&gt;&lt;td&gt; &lt;a href=&#34;http://www.reddit.com/r/trees/comments/qqubt/a_stroke_of_genius_last_night/&#34;&gt;&lt;img src=&#34;http://e.thumbs.redditmedia.com/3c5iBAMTZ2Tg_Y_j.jpg&#34; alt=&#34;A stroke of genius last night...&#34; title=&#34;A stroke of genius last night...&#34; /&gt;&lt;/a&gt; &lt;/td&gt;&lt;td&gt; submitted by &lt;a href=&#34;http://www.reddit.com/user/fingerblast3r&#34;&gt; fingerblast3r &lt;/a&gt; to &lt;a href=&#34;http://www.reddit.com/r/trees/&#34;&gt; trees&lt;/a&gt; &lt;br/&gt; &lt;a href=&#34;http://www.quickmeme.com/meme/36jcbu/&#34;&gt;[link]&lt;/a&gt; &lt;a href="http://www.reddit.com/r/trees/comments/qqubt/a_stroke_of_genius_last_night/"&gt;[58 comments]&lt;/a&gt; &lt;/td&gt;&lt;/tr&gt;&lt;/table&gt;</description><media:title>A stroke of genius last night...</media:title><media:thumbnail url="http://e.thumbs.redditmedia.com/3c5iBAMTZ2Tg_Y_j.jpg" /></item><item><title>I am a master manipulator</title><link>http://www.reddit.com/r/fffffffuuuuuuuuuuuu/comments/qqq0b/i_am_a_master_manipulator/</link><guid isPermaLink="true">http://www.reddit.com/r/fffffffuuuuuuuuuuuu/comments/qqq0b/i_am_a_master_manipulator/</guid><pubDate>Sat, 10 Mar 2012 21:44:09 +0000</pubDate><description>&lt;table&gt; &lt;tr&gt;&lt;td&gt; &lt;a href=&#34;http://www.reddit.com/r/fffffffuuuuuuuuuuuu/comments/qqq0b/i_am_a_master_manipulator/&#34;&gt;&lt;img src=&#34;http://a.thumbs.redditmedia.com/1H1vItu9yUZFbw30.jpg&#34; alt=&#34;I am a master manipulator&#34; title=&#34;I am a master manipulator&#34; /&gt;&lt;/a&gt; &lt;/td&gt;&lt;td&gt; submitted by &lt;a href=&#34;http://www.reddit.com/user/Flacekakes&#34;&gt; Flacekakes &lt;/a&gt; to &lt;a href=&#34;http://www.reddit.com/r/fffffffuuuuuuuuuuuu/&#34;&gt; fffffffuuuuuuuuuuuu&lt;/a&gt; &lt;br/&gt; &lt;a href=&#34;http://imgur.com/97OGb&#34;&gt;[link]&lt;/a&gt; &lt;a href="http://www.reddit.com/r/fffffffuuuuuuuuuuuu/comments/qqq0b/i_am_a_master_manipulator/"&gt;[226 comments]&lt;/a&gt; &lt;/td&gt;&lt;/tr&gt;&lt;/table&gt;</description><media:title>I am a master manipulator</media:title><media:thumbnail url="http://a.thumbs.redditmedia.com/1H1vItu9yUZFbw30.jpg" /></item><item><title>Thanks Europe</title><link>http://www.reddit.com/r/atheism/comments/qqopf/thanks_europe/</link><guid isPermaLink="true">http://www.reddit.com/r/atheism/comments/qqopf/thanks_europe/</guid><pubDate>Sat, 10 Mar 2012 21:13:21 +0000</pubDate><description>&lt;table&gt; &lt;tr&gt;&lt;td&gt; &lt;a href=&#34;http://www.reddit.com/r/atheism/comments/qqopf/thanks_europe/&#34;&gt;&lt;img src=&#34;http://c.thumbs.redditmedia.com/UN7XiL5YnBSo5RJJ.jpg&#34; alt=&#34;Thanks Europe&#34; title=&#34;Thanks Europe&#34; /&gt;&lt;/a&gt; &lt;/td&gt;&lt;td&gt; submitted by &lt;a href=&#34;http://www.reddit.com/user/SportsPanties&#34;&gt; SportsPanties &lt;/a&gt; to &lt;a href=&#34;http://www.reddit.com/r/atheism/&#34;&gt; atheism&lt;/a&gt; &lt;br/&gt; &lt;a href=&#34;http://www.quickmeme.com/meme/36jadg/&#34;&gt;[link]&lt;/a&gt; &lt;a href="http://www.reddit.com/r/atheism/comments/qqopf/thanks_europe/"&gt;[396 comments]&lt;/a&gt; &lt;/td&gt;&lt;/tr&gt;&lt;/table&gt;</description><media:title>Thanks Europe</media:title><media:thumbnail url="http://c.thumbs.redditmedia.com/UN7XiL5YnBSo5RJJ.jpg" /></item><item><title>My morning started off with a light saber fight outside my office window. How's your day?</title><link>http://www.reddit.com/r/funny/comments/qqv8o/my_morning_started_off_with_a_light_saber_fight/</link><guid isPermaLink="true">http://www.reddit.com/r/funny/comments/qqv8o/my_morning_started_off_with_a_light_saber_fight/</guid><pubDate>Sat, 10 Mar 2012 23:51:52 +0000</pubDate><description>submitted by &lt;a href=&#34;http://www.reddit.com/user/iloling&#34;&gt; iloling &lt;/a&gt; to &lt;a href=&#34;http://www.reddit.com/r/funny/&#34;&gt; funny&lt;/a&gt; &lt;br/&gt; &lt;a href=&#34;http://imgur.com/eFymD&#34;&gt;[link]&lt;/a&gt; &lt;a href="http://www.reddit.com/r/funny/comments/qqv8o/my_morning_started_off_with_a_light_saber_fight/"&gt;[61 comments]&lt;/a&gt;</description></item><item><title>Check out the sexy coupons I got for my birthday!</title><link>http://www.reddit.com/r/pics/comments/qqq5o/check_out_the_sexy_coupons_i_got_for_my_birthday/</link><guid isPermaLink="true">http://www.reddit.com/r/pics/comments/qqq5o/check_out_the_sexy_coupons_i_got_for_my_birthday/</guid><pubDate>Sat, 10 Mar 2012 21:47:38 +0000</pubDate><description>&lt;table&gt; &lt;tr&gt;&lt;td&gt; &lt;a href=&#34;http://www.reddit.com/r/pics/comments/qqq5o/check_out_the_sexy_coupons_i_got_for_my_birthday/&#34;&gt;&lt;img src=&#34;http://d.thumbs.redditmedia.com/JteAeKKhLvlFY7AW.jpg&#34; alt=&#34;Check out the sexy coupons I got for my birthday!&#34; title=&#34;Check out the sexy coupons I got for my birthday!&#34; /&gt;&lt;/a&gt; &lt;/td&gt;&lt;td&gt; submitted by &lt;a href=&#34;http://www.reddit.com/user/makemewannacoup&#34;&gt; makemewannacoup &lt;/a&gt; to &lt;a href=&#34;http://www.reddit.com/r/pics/&#34;&gt; pics&lt;/a&gt; &lt;br/&gt; &lt;a href=&#34;http://i.imgur.com/mxcE2.jpg&#34;&gt;[link]&lt;/a&gt; &lt;a href="http://www.reddit.com/r/pics/comments/qqq5o/check_out_the_sexy_coupons_i_got_for_my_birthday/"&gt;[845 comments]&lt;/a&gt; &lt;/td&gt;&lt;/tr&gt;&lt;/table&gt;</description><media:title>Check out the sexy coupons I got for my birthday!</media:title><media:thumbnail url="http://d.thumbs.redditmedia.com/JteAeKKhLvlFY7AW.jpg" /></item><item><title>Socially Awkward Penguin on airplanes</title><link>http://www.reddit.com/r/AdviceAnimals/comments/qqomf/socially_awkward_penguin_on_airplanes/</link><guid isPermaLink="true">http://www.reddit.com/r/AdviceAnimals/comments/qqomf/socially_awkward_penguin_on_airplanes/</guid><pubDate>Sat, 10 Mar 2012 21:11:17 +0000</pubDate><description>&lt;table&gt; &lt;tr&gt;&lt;td&gt; &lt;a href=&#34;http://www.reddit.com/r/AdviceAnimals/comments/qqomf/socially_awkward_penguin_on_airplanes/&#34;&gt;&lt;img src=&#34;http://f.thumbs.redditmedia.com/PdH-tikKYiK1ZqW_.jpg&#34; alt=&#34;Socially Awkward Penguin on airplanes&#34; title=&#34;Socially Awkward Penguin on airplanes&#34; /&gt;&lt;/a&gt; &lt;/td&gt;&lt;td&gt; submitted by &lt;a href=&#34;http://www.reddit.com/user/soyjeans&#34;&gt; soyjeans &lt;/a&gt; to &lt;a href=&#34;http://www.reddit.com/r/AdviceAnimals/&#34;&gt; AdviceAnimals&lt;/a&gt; &lt;br/&gt; &lt;a href=&#34;http://qkme.me/36ja96&#34;&gt;[link]&lt;/a&gt; &lt;a href="http://www.reddit.com/r/AdviceAnimals/comments/qqomf/socially_awkward_penguin_on_airplanes/"&gt;[106 comments]&lt;/a&gt; &lt;/td&gt;&lt;/tr&gt;&lt;/table&gt;</description><media:title>Socially Awkward Penguin on airplanes</media:title><media:thumbnail url="http://f.thumbs.redditmedia.com/PdH-tikKYiK1ZqW_.jpg" /></item><item><title>egg onion ring.</title><link>http://www.reddit.com/r/pics/comments/qqowr/egg_onion_ring/</link><guid isPermaLink="true">http://www.reddit.com/r/pics/comments/qqowr/egg_onion_ring/</guid><pubDate>Sat, 10 Mar 2012 21:17:47 +0000</pubDate><description>&lt;table&gt; &lt;tr&gt;&lt;td&gt; &lt;a href=&#34;http://www.reddit.com/r/pics/comments/qqowr/egg_onion_ring/&#34;&gt;&lt;img src=&#34;http://a.thumbs.redditmedia.com/k9ZE5FgaTuAplwx0.jpg&#34; alt=&#34;egg onion ring. &#34; title=&#34;egg onion ring. &#34; /&gt;&lt;/a&gt; &lt;/td&gt;&lt;td&gt; submitted by &lt;a href=&#34;http://www.reddit.com/user/Uriniass&#34;&gt; Uriniass &lt;/a&gt; to &lt;a href=&#34;http://www.reddit.com/r/pics/&#34;&gt; pics&lt;/a&gt; &lt;br/&gt; &lt;a href=&#34;http://i.imgur.com/4CLSo.jpg&#34;&gt;[link]&lt;/a&gt; &lt;a href="http://www.reddit.com/r/pics/comments/qqowr/egg_onion_ring/"&gt;[548 comments]&lt;/a&gt; &lt;/td&gt;&lt;/tr&gt;&lt;/table&gt;</description><media:title>egg onion ring.</media:title><media:thumbnail url="http://a.thumbs.redditmedia.com/k9ZE5FgaTuAplwx0.jpg" /></item><item><title>I WILL DESTROY YOU!</title><link>http://www.reddit.com/r/funny/comments/qqttz/i_will_destroy_you/</link><guid isPermaLink="true">http://www.reddit.com/r/funny/comments/qqttz/i_will_destroy_you/</guid><pubDate>Sat, 10 Mar 2012 23:17:13 +0000</pubDate><description>submitted by &lt;a href=&#34;http://www.reddit.com/user/AcidKing&#34;&gt; AcidKing &lt;/a&gt; to &lt;a href=&#34;http://www.reddit.com/r/funny/&#34;&gt; funny&lt;/a&gt; &lt;br/&gt; &lt;a href=&#34;http://i.imgur.com/ZVGEd.jpg&#34;&gt;[link]&lt;/a&gt; &lt;a href="http://www.reddit.com/r/funny/comments/qqttz/i_will_destroy_you/"&gt;[57 comments]&lt;/a&gt;</description></item><item><title>Told my husband I was atheist. He's divorcing me.</title><link>http://www.reddit.com/r/atheism/comments/qqyug/told_my_husband_i_was_atheist_hes_divorcing_me/</link><guid isPermaLink="true">http://www.reddit.com/r/atheism/comments/qqyug/told_my_husband_i_was_atheist_hes_divorcing_me/</guid><pubDate>Sun, 11 Mar 2012 01:25:51 +0000</pubDate><description>&lt;table&gt; &lt;tr&gt;&lt;td&gt; &lt;a href=&#34;http://www.reddit.com/r/atheism/comments/qqyug/told_my_husband_i_was_atheist_hes_divorcing_me/&#34;&gt;&lt;img src=&#34;http://a.thumbs.redditmedia.com/xGBqlSurRS4UG7w0.jpg&#34; alt=&#34;Told my husband I was atheist. He&#39;s divorcing me.&#34; title=&#34;Told my husband I was atheist. He&#39;s divorcing me.&#34; /&gt;&lt;/a&gt; &lt;/td&gt;&lt;td&gt; submitted by &lt;a href=&#34;http://www.reddit.com/user/Hi_hello&#34;&gt; Hi_hello &lt;/a&gt; to &lt;a href=&#34;http://www.reddit.com/r/atheism/&#34;&gt; atheism&lt;/a&gt; &lt;br/&gt; &lt;a href=&#34;http://i.imgur.com/JToLs.jpg&#34;&gt;[link]&lt;/a&gt; &lt;a href="http://www.reddit.com/r/atheism/comments/qqyug/told_my_husband_i_was_atheist_hes_divorcing_me/"&gt;[290 comments]&lt;/a&gt; &lt;/td&gt;&lt;/tr&gt;&lt;/table&gt;</description><media:title>Told my husband I was atheist. He's divorcing me.</media:title><media:thumbnail url="http://a.thumbs.redditmedia.com/xGBqlSurRS4UG7w0.jpg" /></item><item><title>Met my first Redditor in the wild using a tired joke</title><link>http://www.reddit.com/r/pics/comments/qqq1o/met_my_first_redditor_in_the_wild_using_a_tired/</link><guid isPermaLink="true">http://www.reddit.com/r/pics/comments/qqq1o/met_my_first_redditor_in_the_wild_using_a_tired/</guid><pubDate>Sat, 10 Mar 2012 21:45:08 +0000</pubDate><description>&lt;table&gt; &lt;tr&gt;&lt;td&gt; &lt;a href=&#34;http://www.reddit.com/r/pics/comments/qqq1o/met_my_first_redditor_in_the_wild_using_a_tired/&#34;&gt;&lt;img src=&#34;http://c.thumbs.redditmedia.com/rzV0gJ_miS6safSh.jpg&#34; alt=&#34;Met my first Redditor in the wild using a tired joke&#34; title=&#34;Met my first Redditor in the wild using a tired joke&#34; /&gt;&lt;/a&gt; &lt;/td&gt;&lt;td&gt; submitted by &lt;a href=&#34;http://www.reddit.com/user/Forns&#34;&gt; Forns &lt;/a&gt; to &lt;a href=&#34;http://www.reddit.com/r/pics/&#34;&gt; pics&lt;/a&gt; &lt;br/&gt; &lt;a href=&#34;http://i.imgur.com/Zt2Zp.jpg&#34;&gt;[link]&lt;/a&gt; &lt;a href="http://www.reddit.com/r/pics/comments/qqq1o/met_my_first_redditor_in_the_wild_using_a_tired/"&gt;[155 comments]&lt;/a&gt; &lt;/td&gt;&lt;/tr&gt;&lt;/table&gt;</description><media:title>Met my first Redditor in the wild using a tired joke</media:title><media:thumbnail url="http://c.thumbs.redditmedia.com/rzV0gJ_miS6safSh.jpg" /></item><item><title>Nicki Minaj totally looks like...</title><link>http://www.reddit.com/r/pics/comments/qqqx3/nicki_minaj_totally_looks_like/</link><guid isPermaLink="true">http://www.reddit.com/r/pics/comments/qqqx3/nicki_minaj_totally_looks_like/</guid><pubDate>Sat, 10 Mar 2012 22:06:05 +0000</pubDate><description>&lt;table&gt; &lt;tr&gt;&lt;td&gt; &lt;a href=&#34;http://www.reddit.com/r/pics/comments/qqqx3/nicki_minaj_totally_looks_like/&#34;&gt;&lt;img src=&#34;http://c.thumbs.redditmedia.com/r03fLXgG_Ys68oQJ.jpg&#34; alt=&#34;Nicki Minaj totally looks like...&#34; title=&#34;Nicki Minaj totally looks like...&#34; /&gt;&lt;/a&gt; &lt;/td&gt;&lt;td&gt; submitted by &lt;a href=&#34;http://www.reddit.com/user/Helloitslate&#34;&gt; Helloitslate &lt;/a&gt; to &lt;a href=&#34;http://www.reddit.com/r/pics/&#34;&gt; pics&lt;/a&gt; &lt;br/&gt; &lt;a href=&#34;http://imgur.com/XZr5W&#34;&gt;[link]&lt;/a&gt; &lt;a href="http://www.reddit.com/r/pics/comments/qqqx3/nicki_minaj_totally_looks_like/"&gt;[123 comments]&lt;/a&gt; &lt;/td&gt;&lt;/tr&gt;&lt;/table&gt;</description><media:title>Nicki Minaj totally looks like...</media:title><media:thumbnail url="http://c.thumbs.redditmedia.com/r03fLXgG_Ys68oQJ.jpg" /></item><item><title>That's cute.</title><link>http://www.reddit.com/r/pics/comments/qqwj4/thats_cute/</link><guid isPermaLink="true">http://www.reddit.com/r/pics/comments/qqwj4/thats_cute/</guid><pubDate>Sun, 11 Mar 2012 00:24:51 +0000</pubDate><description>&lt;table&gt; &lt;tr&gt;&lt;td&gt; &lt;a href=&#34;http://www.reddit.com/r/pics/comments/qqwj4/thats_cute/&#34;&gt;&lt;img src=&#34;http://b.thumbs.redditmedia.com/dxNEMlcgP0mESGvO.jpg&#34; alt=&#34;That&#39;s cute.&#34; title=&#34;That&#39;s cute.&#34; /&gt;&lt;/a&gt; &lt;/td&gt;&lt;td&gt; submitted by &lt;a href=&#34;http://www.reddit.com/user/fierytaco&#34;&gt; fierytaco &lt;/a&gt; to &lt;a href=&#34;http://www.reddit.com/r/pics/&#34;&gt; pics&lt;/a&gt; &lt;br/&gt; &lt;a href=&#34;http://i.imgur.com/9zxUG.jpg&#34;&gt;[link]&lt;/a&gt; &lt;a href="http://www.reddit.com/r/pics/comments/qqwj4/thats_cute/"&gt;[41 comments]&lt;/a&gt; &lt;/td&gt;&lt;/tr&gt;&lt;/table&gt;</description><media:title>That's cute.</media:title><media:thumbnail url="http://b.thumbs.redditmedia.com/dxNEMlcgP0mESGvO.jpg" /></item><item><title>Smart time management</title><link>http://www.reddit.com/r/funny/comments/qqkt4/smart_time_management/</link><guid isPermaLink="true">http://www.reddit.com/r/funny/comments/qqkt4/smart_time_management/</guid><pubDate>Sat, 10 Mar 2012 19:38:07 +0000</pubDate><description>submitted by &lt;a href=&#34;http://www.reddit.com/user/Z3F&#34;&gt; Z3F &lt;/a&gt; to &lt;a href=&#34;http://www.reddit.com/r/funny/&#34;&gt; funny&lt;/a&gt; &lt;br/&gt; &lt;a href=&#34;http://i.imgur.com/ICpgm.png&#34;&gt;[link]&lt;/a&gt; &lt;a href="http://www.reddit.com/r/funny/comments/qqkt4/smart_time_management/"&gt;[372 comments]&lt;/a&gt;</description></item><item><title>Remember Steve Buscemi eyes, well how about Elijah Wood face?</title><link>http://www.reddit.com/r/WTF/comments/qqozb/remember_steve_buscemi_eyes_well_how_about_elijah/</link><guid isPermaLink="true">http://www.reddit.com/r/WTF/comments/qqozb/remember_steve_buscemi_eyes_well_how_about_elijah/</guid><pubDate>Sat, 10 Mar 2012 21:19:11 +0000</pubDate><description>submitted by &lt;a href=&#34;http://www.reddit.com/user/bryciclepete&#34;&gt; bryciclepete &lt;/a&gt; to &lt;a href=&#34;http://www.reddit.com/r/WTF/&#34;&gt; WTF&lt;/a&gt; &lt;br/&gt; &lt;a href=&#34;http://imgur.com/QW7Ns&#34;&gt;[link]&lt;/a&gt; &lt;a href="http://www.reddit.com/r/WTF/comments/qqozb/remember_steve_buscemi_eyes_well_how_about_elijah/"&gt;[89 comments]&lt;/a&gt;</description></item><item><title>The perfect plan...</title><link>http://www.reddit.com/r/funny/comments/qqrcf/the_perfect_plan/</link><guid isPermaLink="true">http://www.reddit.com/r/funny/comments/qqrcf/the_perfect_plan/</guid><pubDate>Sat, 10 Mar 2012 22:16:20 +0000</pubDate><description>submitted by &lt;a href=&#34;http://www.reddit.com/user/khsunny786&#34;&gt; khsunny786 &lt;/a&gt; to &lt;a href=&#34;http://www.reddit.com/r/funny/&#34;&gt; funny&lt;/a&gt; &lt;br/&gt; &lt;a href=&#34;http://imgur.com/g8wHp&#34;&gt;[link]&lt;/a&gt; &lt;a href="http://www.reddit.com/r/funny/comments/qqrcf/the_perfect_plan/"&gt;[73 comments]&lt;/a&gt;</description></item><item><title>Like a boss.</title><link>http://www.reddit.com/r/atheism/comments/qqp3w/like_a_boss/</link><guid isPermaLink="true">http://www.reddit.com/r/atheism/comments/qqp3w/like_a_boss/</guid><pubDate>Sat, 10 Mar 2012 21:22:28 +0000</pubDate><description>&lt;table&gt; &lt;tr&gt;&lt;td&gt; &lt;a href=&#34;http://www.reddit.com/r/atheism/comments/qqp3w/like_a_boss/&#34;&gt;&lt;img src=&#34;http://b.thumbs.redditmedia.com/5WdIsOnuxhiVL0x7.jpg&#34; alt=&#34;Like a boss.&#34; title=&#34;Like a boss.&#34; /&gt;&lt;/a&gt; &lt;/td&gt;&lt;td&gt; submitted by &lt;a href=&#34;http://www.reddit.com/user/DanTheManBro&#34;&gt; DanTheManBro &lt;/a&gt; to &lt;a href=&#34;http://www.reddit.com/r/atheism/&#34;&gt; atheism&lt;/a&gt; &lt;br/&gt; &lt;a href=&#34;http://i.imgur.com/y5xkS.jpg&#34;&gt;[link]&lt;/a&gt; &lt;a href="http://www.reddit.com/r/atheism/comments/qqp3w/like_a_boss/"&gt;[144 comments]&lt;/a&gt; &lt;/td&gt;&lt;/tr&gt;&lt;/table&gt;</description><media:title>Like a boss.</media:title><media:thumbnail url="http://b.thumbs.redditmedia.com/5WdIsOnuxhiVL0x7.jpg" /></item><item><title>NYPD Officer Sent To Psych Ward By Superiors After Reporting Corruption</title><link>http://www.reddit.com/r/politics/comments/qqecb/nypd_officer_sent_to_psych_ward_by_superiors/</link><guid isPermaLink="true">http://www.reddit.com/r/politics/comments/qqecb/nypd_officer_sent_to_psych_ward_by_superiors/</guid><pubDate>Sat, 10 Mar 2012 16:51:10 +0000</pubDate><description>submitted by &lt;a href=&#34;http://www.reddit.com/user/djkrugger&#34;&gt; djkrugger &lt;/a&gt; to &lt;a href=&#34;http://www.reddit.com/r/politics/&#34;&gt; politics&lt;/a&gt; &lt;br/&gt; &lt;a href=&#34;http://gawker.com/5892115/nypd-officer-sent-to-psych-ward-by-superiors-after-reporting-corruption&#34;&gt;[link]&lt;/a&gt; &lt;a href="http://www.reddit.com/r/politics/comments/qqecb/nypd_officer_sent_to_psych_ward_by_superiors/"&gt;[637 comments]&lt;/a&gt;</description></item><item><title>Hulk Hogan Problems</title><link>http://www.reddit.com/r/funny/comments/qqqsc/hulk_hogan_problems/</link><guid isPermaLink="true">http://www.reddit.com/r/funny/comments/qqqsc/hulk_hogan_problems/</guid><pubDate>Sat, 10 Mar 2012 22:02:55 +0000</pubDate><description>submitted by &lt;a href=&#34;http://www.reddit.com/user/curlyfries10&#34;&gt; curlyfries10 &lt;/a&gt; to &lt;a href=&#34;http://www.reddit.com/r/funny/&#34;&gt; funny&lt;/a&gt; &lt;br/&gt; &lt;a href=&#34;http://i.imgur.com/Stkqk.jpg&#34;&gt;[link]&lt;/a&gt; &lt;a href="http://www.reddit.com/r/funny/comments/qqqsc/hulk_hogan_problems/"&gt;[48 comments]&lt;/a&gt;</description></item><item><title>There really is no winning.</title><link>http://www.reddit.com/r/funny/comments/qqp6u/there_really_is_no_winning/</link><guid isPermaLink="true">http://www.reddit.com/r/funny/comments/qqp6u/there_really_is_no_winning/</guid><pubDate>Sat, 10 Mar 2012 21:24:41 +0000</pubDate><description>submitted by &lt;a href=&#34;http://www.reddit.com/user/babiestgiraffe&#34;&gt; babiestgiraffe &lt;/a&gt; to &lt;a href=&#34;http://www.reddit.com/r/funny/&#34;&gt; funny&lt;/a&gt; &lt;br/&gt; &lt;a href=&#34;http://imgur.com/Yf8t2&#34;&gt;[link]&lt;/a&gt; &lt;a href="http://www.reddit.com/r/funny/comments/qqp6u/there_really_is_no_winning/"&gt;[357 comments]&lt;/a&gt;</description></item><item><title>A typical day at Valve...</title><link>http://www.reddit.com/r/gaming/comments/qquza/a_typical_day_at_valve/</link><guid isPermaLink="true">http://www.reddit.com/r/gaming/comments/qquza/a_typical_day_at_valve/</guid><pubDate>Sat, 10 Mar 2012 23:44:45 +0000</pubDate><description>&lt;table&gt; &lt;tr&gt;&lt;td&gt; &lt;a href=&#34;http://www.reddit.com/r/gaming/comments/qquza/a_typical_day_at_valve/&#34;&gt;&lt;img src=&#34;http://d.thumbs.redditmedia.com/WHtCLXQktIJQS0Fu.jpg&#34; alt=&#34;A typical day at Valve...&#34; title=&#34;A typical day at Valve...&#34; /&gt;&lt;/a&gt; &lt;/td&gt;&lt;td&gt; submitted by &lt;a href=&#34;http://www.reddit.com/user/inzomb&#34;&gt; inzomb &lt;/a&gt; to &lt;a href=&#34;http://www.reddit.com/r/gaming/&#34;&gt; gaming&lt;/a&gt; &lt;br/&gt; &lt;a href=&#34;http://imgur.com/8P8Mp&#34;&gt;[link]&lt;/a&gt; &lt;a href="http://www.reddit.com/r/gaming/comments/qquza/a_typical_day_at_valve/"&gt;[83 comments]&lt;/a&gt; &lt;/td&gt;&lt;/tr&gt;&lt;/table&gt;</description><media:title>A typical day at Valve...</media:title><media:thumbnail url="http://d.thumbs.redditmedia.com/WHtCLXQktIJQS0Fu.jpg" /></item></channel></rss>